I (10093) APP_MAIN: Received 109 bytes:
87 00 FF 8F 53 0D 3D FC 00 00 A9 79 3D 11 E9 0D 75 6E D8 00 F8 D6 00 FC 14 10 14 6F 01 F5 6A 01 F5 FF F5 49 01 F6 4C 01 F8 4F 01 FA 52 01 00 E7 A8 01 E7 A8 01 FD 78 02 F7 76 02 F9 70 02 F1 E7 1A 01 00 7A 7D E9 00 79 1E F2 54 2C EE 0D 0E 00 00 FE 54 2C EE 0D 6C 4D FE 36 90 84 00 C3 87 00 CA 88 00 DD 00 00 2F 00 F1 E8 00 C5 FE 
I (10213) APP_MAIN: Received 101 bytes:
3B 20 9E 07 EC D8 00 F2 D6 00 F7 00 00 01 F3 75 01 F4 70 81 54 2C EE 05 00 FF 54 2C EE 0D FF 1A F0 83 02 F2 82 02 F5 80 02 F6 3E 00 00 D0 01 5C 8F 01 65 B0 A8 2D 16 C7 8F 01 D1 8D 01 D4 8B 00 00 56 29 56 4A 00 54 FE 54 2C 02 00 00 FE 54 2C EE 1E 9A E8 00 82 E7 00 8A DF 00 18 00 00 DC A3 01 F1 9C 01 F3 
I (10323) APP_MAIN: Received 79 bytes:
57 01 F7 53 01 F7 50 01 F7 4D 01 16 00 00 00 DE B5 01 DE B3 01 FF 51 E4 12 04 00 D8 3D 20 B6 00 87 EC 00 56 F1 00 28 00 00 29 64 4D 00 63 4D FC 06 FF 93 00 FF 95 00 FF 94 00 7F 00 00 FD 00 97 FC 00 E3 F9 FF C3 55 6B 4D 3E 47 02 00 7C 28 
I (10433) APP_MAIN: Received 120 bytes:
54 2C EE 0D 5C 86 6D 01 F6 69 01 00 00 56 54 01 DE C3 01 FE 0B E8 A7 01 E7 A8 01 E3 B2 01 D4 00 00 AE 40 B8 15 C6 56 FF 08 86 00 9D 7B 32 89 3E ED 00 00 00 66 20 4A 9A 3E 5D 15 C9 AF 48 4D 4A 00 4D 4B 00 0D 00 00 08 2A 35 07 72 67 07 FF 00 B2 D3 00 9E D2 00 9E D1 00 9E 00 00 7A 50 3B 07 B2 E4 FF 07 F5 6E 01 F3 69 01 F3 62 86 C5 16 00 00 5C E0 C8 01 DE C5 FF 
I (10553) APP_MAIN: Received 97 bytes:
54 2C EE 05 FD 54 2C EE 0D CD FF C4 25 16 62 B2 01 87 9B 01 AD 78 01 00 14 CE 4C 00 C3 4C FE 84 15 0A 54 4B 00 51 4A 00 4E 0A 00 07 6E B7 07 6F 91 F7 EB 54 2C EE 04 00 F4 F4 0B F0 9F 01 F3 98 01 F5 92 01 54 0C C8 40 7C 16 EE A1 FB 5B DE B5 01 E0 B3 01 E2 B1 01 22 00 2C 6B 01 9C 71 01 A2 FB 
I (10663) APP_MAIN: Received 89 bytes:
2B E6 7D 2F 51 3F EE 00 00 00 00 4F F0 9B 0D E6 4A 4E 00 62 4E 00 61 4E 00 00 C8 45 13 5D 8E 13 D6 2E 14 A5 FB 00 E3 FC 00 F9 FC 00 00 00 C0 01 E8 C7 01 EA CF FF EE AA 01 EE 42 83 8D 3F F5 00 00 9E 3F 2C AA 09 0D D2 11 C0 01 D9 BE 01 10 00 00 00 10 00 83 F1 00 97 F0 
I (10773) APP_MAIN: Received 123 bytes:
34 5B 01 C6 59 01 C9 57 01 C8 55 00 00 00 A6 E9 4D 00 EE 4D B4 00 65 4F 00 64 9E 4A C9 3F 2B 0B 00 00 E0 62 DA 3F B5 C5 82 0D 87 65 55 07 75 30 07 76 00 00 00 DA 7C 92 01 ED 97 41 07 B1 E9 07 B1 E6 07 B1 E4 07 30 02 00 00 00 F3 8D 01 F3 8B 01 FC 87 01 DC C5 01 DA C3 01 DB B4 11 00 00 00 A0 40 AD 87 B2 40 FE 54 2C EE 0D A2 2C 6B 01 04 00 00 00 DC 0D 04 44 50 00 7A FF 
I (10893) APP_MAIN: Received 100 bytes:
D9 4D 00 CA 4E 00 BB 4F 00 A8 50 00 00 C0 A2 AB B1 22 85 F3 3D 07 6D A7 07 70 84 07 72 23 65 00 00 00 7A 61 40 EF 01 E9 FE 54 2C EE 0D 00 00 00 FE 54 AC F6 9A 01 F0 A3 01 E7 B1 01 E2 C2 01 00 04 46 C2 01 51 C2 81 FF 20 B4 05 A5 72 01 AB 71 01 AF 26 00 00 00 00 6B 4C 00 6E 4C 00 FE 57 06 29 00 F0 F6 
I (11003) APP_MAIN: Received 93 bytes:
63 8E 13 56 BE 08 4B 96 08 5B 6B 08 00 58 40 7B 5A 40 CF EB 9F 5C E9 CE 01 E9 D6 01 EC DF 01 00 00 B2 AC B4 01 9C A6 01 FF F3 A5 0E CD 40 A3 04 00 00 EA FF 0D 8C 29 F1 00 A7 F1 00 B2 F8 00 00 00 B5 01 53 4C 00 57 ED 0A EB 4D 00 ED 4D 00 E3 4C 00 12 00 00 12 14 43 7F 14 3D 77 FE 
I (11113) APP_MAIN: Received 111 bytes:
5F 5F 65 62 09 41 64 16 00 00 1A 41 22 64 EA 51 01 E7 9A 01 E6 A1 01 E5 08 00 00 04 F5 A8 01 F5 A9 01 FD 8C 01 F1 8A 01 F2 8A 01 F3 8A 01 00 04 6C FE 01 6A F7 01 FF D7 00 85 32 29 45 41 B7 06 00 00 74 59 05 1D C7 5A 0D 7D 44 4C 00 96 4D 00 AF 01 00 00 DA A4 00 D8 AE 7C 5E 87 13 5F 84 13 5F 82 13 5F 80 12 00 00 F2 42 01 F0 46 01 F9 
I (11233) APP_MAIN: Received 114 bytes:
62 40 0F 16 EC DE 7C 81 41 09 38 00 16 F1 B9 07 92 41 F9 54 2C EF 0D 55 0B 99 01 EE 16 00 6B CC 22 63 02 E7 B2 6F 40 56 6F 40 16 0B 67 B4 01 2A 00 00 5E 4C 00 35 4C 00 BB 0F C4 35 01 76 4C 00 8A 44 44 BD 00 00 00 DB 99 00 DB A0 00 D9 54 2C EF 0D 9D 02 00 00 FC 54 2C EF 0D BB F0 6A 01 F0 6F 01 EE 74 01 EE 79 01 00 00 50 EE 76 01 F1 7E 01 FF 
I (11353) APP_MAIN: Received 100 bytes:
6B B5 9B A2 01 D6 9D 01 E6 9B 01 00 00 00 F2 09 EC 6C 02 EC 69 54 2C 33 00 00 00 54 2C 31 01 56 4D 00 5A 4D 00 5C 4E 00 02 00 F2 7C 00 ED 7E 00 FE 51 46 74 14 45 6D 14 41 6B 14 3D 02 00 00 00 ED 20 01 EE 22 01 F9 A3 DF 54 04 00 FE 54 FF D7 A9 01 F5 AC 01 F6 AE 01 F3 B0 01 00 00 88 20 6D 02 F0 69 FE 
I (11463) APP_MAIN: Received 81 bytes:
E1 01 69 EE 01 5D E0 00 3C BE 00 00 00 00 00 EF B3 00 F4 AA 00 FF 11 42 CF 54 00 FF 76 6C D6 B6 00 D0 BB 00 C4 BD 00 00 00 00 E1 F8 00 EE FE 00 EB 40 BE 2A F2 4D 01 F3 50 01 F2 14 00 00 50 F7 4E 01 F7 4F FD F3 01 08 C1 42 B7 08 00 AC 14 27 39 
I (11573) APP_MAIN: Received 112 bytes:
5F C8 23 2F 02 C5 29 02 78 20 02 00 00 00 10 9C 9F 00 CB A0 FF DD 50 00 3C 4E 00 40 4C 00 44 4B 00 00 F0 01 FF 7B 00 FF 7A E2 A1 00 DA B8 5B FD 42 5A 02 10 73 0D 43 9B 29 0D C6 76 2B 01 F1 2F 01 F1 16 00 00 57 01 F4 55 01 F1 D2 28 7D 01 F2 85 01 F2 8C 01 F3 93 00 00 FA 70 02 F9 70 02 FC 96 6E 02 EB 81 22 39 43 C9 04 00 1B 3A 49 43 4D 
I (11693) APP_MAIN: Received 108 bytes:
57 2C EE 0D 0F 3E 65 01 8F 6B 01 32 00 92 AF 68 55 7F 00 FF 05 A9 7F 00 E7 82 00 E3 85 00 E0 04 00 FF DC 00 FF DE 00 FD 0A 72 24 01 EE 28 01 F0 82 76 35 02 00 00 80 7E 15 F7 4E 11 54 2C F3 04 00 FE 54 AC FF 03 F0 67 02 F0 65 02 ED 65 02 ED 07 00 72 57 A4 75 01 C9 FE D0 AE 00 E1 A7 00 C1 9B 00 B4 01 00 00 FF 82 80 81 00 FF 
I (11813) APP_MAIN: Received 90 bytes:
2E F6 54 0C FF 54 EC B5 FB 00 E9 01 01 E6 06 01 E6 0C 01 FA 58 01 FA 59 01 FB 4B 01 F5 4D 01 F4 4F 01 F4 51 01 12 1C 68 02 EE 6A 02 FA ED 04 54 65 00 FC 19 B2 13 03 DE A2 00 FA A3 00 F8 08 00 00 FF 89 04 FF 88 00 2F FF 7B 00 FF 7A 00 FF 7A 00 1D 00 FE D1 00 FF D1 00 FF 
I (11923) APP_MAIN: Received 84 bytes:
D7 F1 44 2C 04 C4 53 94 FC 2A 0D 15 03 51 01 F2 4E 01 F2 0C 00 E4 46 09 F7 79 02 FF F1 6F 02 FB 6F 02 FA 70 02 F8 32 02 9A 65 01 C0 4A 01 F5 01 96 9D 00 B7 40 3B 79 44 80 10 EC 6C 52 89 44 A7 54 2C E5 0D 21 56 7E 00 FF 7D 00 00 FE 6D D8 10 CD D6 00 FD 
I (12033) APP_MAIN: Received 108 bytes:
DE 00 FD DF 00 FB E1 00 FA E3 00 00 00 E0 05 FA C7 01 F8 47 CB 55 01 F5 52 01 F3 CB 01 B5 44 00 00 24 FA 7D 82 F8 91 99 54 2C EE 0D 30 1D 4D 00 00 18 15 C9 AF 48 8B 9A FB 75 01 CA 74 40 72 AE C7 6F 01 06 C8 FF 87 00 DB 82 FE FF 80 00 FF 80 00 FF 7F 00 FF DC 55 00 00 30 3C 9D D4 00 BC F5 54 2C EE 0D 58 10 00 FF 54 2C F2 FF 
I (12153) APP_MAIN: Received 98 bytes:
05 FC 56 01 FB 56 01 F9 56 01 F8 16 4C 01 C2 06 02 D4 E2 FF D7 B7 09 F4 6B 02 F8 6B 02 FB 6B 02 FE F8 00 63 02 01 FD 02 15 C9 44 00 FF 95 0C FF 89 80 FF 88 00 FF 87 00 00 36 D7 00 A9 D3 00 FD F4 D1 00 FF D1 00 FF D2 00 FF 52 00 02 F2 5F 01 F4 5C 01 F6 55 01 FD A3 8B 7C 45 53 00 00 30 51 AC ED 
I (12263) APP_MAIN: Received 95 bytes:
54 2C ED 0D 38 1A 77 02 F5 75 02 00 00 60 FC 00 9C E8 40 83 F3 6D 01 CE 5C 01 BE 6B 01 B6 79 01 00 4D 4A 00 53 50 00 FF 0C FF 89 00 FF 01 53 B8 45 26 0F 00 0C 99 71 6A C9 45 7C 54 2C ED 0D 10 6E D8 00 E6 17 24 5F E8 15 7A 09 FD 46 01 F8 46 01 F8 47 01 F7 49 01 08 78 6B 40 BC B5 ED FD 
I (12373) APP_MAIN: Received 101 bytes:
09 F8 7C 02 F8 79 02 F6 77 02 15 00 52 01 DB 06 01 A9 FE 54 2C F4 0D 1B 00 F8 54 2C F4 0D B6 8E 00 FB 86 00 CF 84 00 C3 82 00 00 00 40 9F 28 F7 11 09 FF E4 00 99 DB 00 B3 DA 00 D2 D9 00 21 00 20 40 84 01 F1 7E E1 54 2C E8 0D 00 FC 54 2C E8 0D 66 71 22 A0 5D 02 E7 82 02 F3 84 02 00 C5 50 01 A3 4F 01 F8 
I (12483) APP_MAIN: Received 75 bytes:
AB 00 58 04 01 4C 8D 01 97 8E 01 04 14 5D 4F 00 5C 4E 90 54 2C E8 0D 14 FC 54 2C E8 0D F6 6A D3 00 9C D4 00 B1 D4 00 BB D6 00 76 AD 01 B6 AB 01 FE 15 F6 5A 01 F6 56 01 F4 53 01 34 00 6E 40 87 0B D8 B6 BD FF 54 2C 00 FC 54 EC 
I (12593) APP_MAIN: Received 96 bytes:
02 83 EE 00 77 EB 08 94 EB 00 A2 02 CA 0A 6B 4F 00 66 FF 52 E0 16 0B A2 8F 00 E8 91 00 1F 00 50 01 07 7A E5 06 F9 46 79 54 2C 00 FF 5E 40 74 01 F2 6F 01 F3 6D 01 16 08 90 01 DD CA 01 DE CA AC 01 E6 AA 01 E6 A9 01 F3 6A 00 00 A0 05 B9 65 01 BC 61 FD 1F 01 B9 7E 31 34 47 2F 0F 00 AA 1D C1 
I (12703) APP_MAIN: Received 96 bytes:
C9 AF 08 63 35 01 54 4B 00 51 0B 00 00 10 08 69 F0 07 6C C7 FF FA 04 01 CA FC 00 9D F4 00 AB EC 00 00 80 07 73 E5 07 AA E7 85 01 F4 7B 01 F5 36 85 70 47 8C 10 3B B9 DF 18 10 81 FF 54 2C F2 0D 75 13 B3 01 00 88 2C F2 0D 5B 2B 6B FD 50 01 93 50 01 64 69 01 5B 81 01 00 BC 4C 00 C9 4D 00 CE 
I (12813) APP_MAIN: Received 108 bytes:
E5 01 5C 4E 00 5A 4E 00 57 92 4C 00 00 CA 37 08 68 D7 63 BD 54 2C F2 0D 6D 67 F9 00 00 2A 49 0D E1 7E BF F9 2D AB A6 01 E3 A4 01 E9 9B 01 64 00 E0 8C 01 F5 8E 01 F6 FD 6F 40 77 B7 DE B8 01 DD B6 21 1D 00 00 BC 31 01 98 4D 01 FC FF 54 2C ED 0D 00 FF 54 2C ED 0D FA 01 70 4B 00 69 4C 00 65 4D 00 62 05 00 60 81 13 5F 81 13 DF 
I (12933) APP_MAIN: Received 90 bytes:
3B 94 01 07 79 E5 06 79 C4 06 6E 01 00 58 E8 A4 01 E4 AB FD 2D 44 00 FF 54 EC 75 C9 01 DD C9 01 DD C8 01 DA C5 02 DC A9 01 6F A7 01 70 FF 5B 2B B9 65 01 BB 61 01 BE 5E 01 00 AF 4B 00 CB 4C 00 FE E5 54 00 FF 54 FE 2C 4B 07 6C D6 07 6E AF 07 70 89 00 3D 05 EE 83 01 ED FC 
I (13043) APP_MAIN: Received 85 bytes:
01 4D E1 07 9D E8 07 B0 E8 07 B1 00 EE 97 01 F1 94 01 FA 07 10 B0 48 87 00 00 27 C1 48 8F 15 09 0D 33 2B 6A 01 9F 71 01 A4 00 50 53 62 4D 00 65 FE CA 5B 01 C9 4C 00 CF 4D 00 CF 4D 00 48 4D 2F 82 13 4B FB 0F A8 D9 08 67 DD 63 EC 48 55 01 00 8A DA F5 48 51 
I (13153) APP_MAIN: Received 116 bytes:
54 2C F0 0D AE 7E BF 01 E9 C7 01 00 00 5E C8 96 B3 01 ED FD 01 F6 8D 01 F5 8F 01 F4 92 01 F1 16 00 4E BE 00 7B BF 00 FD 00 B4 38 01 92 58 01 96 EF 2A 28 00 5C 4D 00 5F 55 42 39 54 2C EF 0D F0 45 4C 00 2E 00 E9 AF E8 AA 35 46 F4 6C F4 45 13 5F 85 13 5F 87 13 59 00 00 00 EE 57 01 EE 5B 81 1F E7 A7 01 E5 AE 01 E5 B6 01 E4 07 00 40 DF 2D F5 69 09 F5 
I (13273) APP_MAIN: Received 104 bytes:
54 2C F0 0D 00 00 F6 54 2C F0 0D F8 01 6E A2 01 6F 8F 01 6B 1B 01 79 00 00 14 47 48 00 4B 48 88 F4 53 01 CC 4B 00 DD 4C 00 E8 4C 00 00 00 9C C3 00 B3 8B 00 D9 E9 54 2C 50 0C 00 FC 54 2C F0 FD 2C F2 85 01 F2 87 01 F1 8B 01 30 00 00 AC 2C F1 94 01 F2 9A 97 01 EE 93 01 EF 90 01 F0 8E 01 12 00 70 25 A0 85 02 71 D8 
I (13383) APP_MAIN: Received 79 bytes:
3B 82 49 9B 00 00 FE 01 62 4E 00 65 4E 00 69 4E 00 2C 01 00 28 00 DD 8E 00 DA 94 FF 59 D1 A9 6C 54 D5 13 5B 8D 13 14 00 00 00 E0 34 01 F2 39 01 F3 FF DA B1 4A 9A 02 00 00 F8 FF 21 B6 F5 BD 01 E1 BE 01 B2 B4 01 00 00 B2 20 EF 09 EF 69 FA 
I (13493) APP_MAIN: Received 105 bytes:
A4 F5 00 94 C0 00 A4 C3 00 7E 2C 00 00 B6 58 01 88 6C 00 98 AF 95 A1 29 61 0C 00 00 FC 61 5D 8B 14 29 8C 14 42 83 14 48 10 00 01 01 DF 0A 01 DE FE 17 F2 58 01 F1 5F 01 F0 61 01 EE 08 00 00 8B 05 F5 55 01 F3 5C FF FD 21 09 A4 4A 01 03 00 51 20 B5 4A 0E AA 89 AF 68 91 07 02 6B FE 01 00 00 00 78 A3 00 F0 A4 00 CD FE 
I (13613) APP_MAIN: Received 111 bytes:
A5 49 4A 00 4C 4A 00 4F 4B 00 42 00 00 10 FF 7A 00 FC 7B 00 FF 1B B2 B6 00 19 1C 5D E0 4A 8D 03 00 E5 7A 74 F1 4A C5 54 2C EC 0D 1C 78 43 01 F0 47 00 00 F2 0D BB 02 46 01 F3 2C F0 97 01 F1 9D 01 F3 A3 01 D1 00 93 09 F8 74 02 F8 75 FF 49 77 1E 02 73 14 02 70 0B 02 0E 00 1A FA A3 00 F6 E6 FF 54 2C F2 0D 87 00 00 00 FF 54 2C F2 0D FA 
I (13733) APP_MAIN: Received 98 bytes:
0E DE 90 00 DC 95 00 DC 9A 00 DD 00 00 F6 DC 00 FA DF 00 F9 15 35 01 F1 37 01 F2 3B 01 F2 3F 00 00 00 05 F5 49 01 F5 47 F1 FB 54 2C 00 00 00 00 F8 54 FC A0 EF 09 EE 69 02 EF 6B 02 EE 2D 00 00 80 B9 2B C9 65 01 F7 C4 E6 01 99 47 00 82 47 00 30 48 00 00 00 01 FF 7E 00 FF 7D FC 6A A9 F6 54 08 FC